TN:
SF:src\router.ts
FN:23,(anonymous_0)
FN:37,(anonymous_1)
FNF:2
FNH:2
FNDA:3,(anonymous_0)
FNDA:5,(anonymous_1)
DA:1,2
DA:2,2
DA:3,2
DA:4,2
DA:6,2
DA:9,2
DA:10,2
DA:16,2
DA:23,3
DA:30,2
DA:37,5
DA:45,2
DA:51,2
DA:57,2
LF:14
LH:14
BRF:0
BRH:0
end_of_record
TN:
SF:src\server.ts
FN:8,conectDB
FN:28,(anonymous_2)
FNF:2
FNH:2
FNDA:3,conectDB
FNDA:1,(anonymous_2)
DA:1,2
DA:2,2
DA:3,2
DA:4,2
DA:8,2
DA:9,3
DA:10,3
DA:11,2
DA:15,1
DA:19,2
DA:22,2
DA:25,2
DA:26,2
DA:28,2
DA:29,1
DA:32,2
LF:16
LH:16
BRF:0
BRH:0
end_of_record
TN:
SF:src\config\db.ts
FNF:0
FNH:0
DA:1,2
DA:2,2
DA:4,2
DA:6,2
DA:11,2
LF:5
LH:5
BRF:0
BRH:0
end_of_record
TN:
SF:src\handlers\product.ts
FN:4,(anonymous_1)
FN:15,(anonymous_2)
FN:25,(anonymous_3)
FN:30,(anonymous_4)
FN:45,(anonymous_5)
FN:60,(anonymous_6)
FNF:6
FNH:6
FNDA:2,(anonymous_1)
FNDA:2,(anonymous_2)
FNDA:1,(anonymous_3)
FNDA:2,(anonymous_4)
FNDA:2,(anonymous_5)
FNDA:2,(anonymous_6)
DA:2,2
DA:4,2
DA:5,2
DA:12,2
DA:15,2
DA:16,2
DA:17,2
DA:19,2
DA:20,1
DA:22,1
DA:25,2
DA:26,1
DA:27,1
DA:30,2
DA:31,2
DA:32,2
DA:34,2
DA:35,1
DA:39,1
DA:40,1
DA:42,1
DA:45,2
DA:46,2
DA:47,2
DA:49,2
DA:50,1
DA:54,1
DA:55,1
DA:57,1
DA:60,2
DA:61,2
DA:62,2
DA:64,2
DA:65,1
DA:69,1
DA:70,1
LF:36
LH:36
BRDA:19,0,0,1
BRDA:19,0,1,1
BRDA:34,1,0,1
BRDA:34,1,1,1
BRDA:49,2,0,1
BRDA:49,2,1,1
BRDA:64,3,0,1
BRDA:64,3,1,1
BRF:8
BRH:8
end_of_record
TN:
SF:src\middleware\index.ts
FN:4,(anonymous_0)
FNF:1
FNH:1
FNDA:16,(anonymous_0)
DA:2,2
DA:4,2
DA:5,16
DA:6,16
DA:7,7
DA:9,9
LF:6
LH:6
BRDA:6,0,0,7
BRDA:6,0,1,9
BRF:2
BRH:2
end_of_record
TN:
SF:src\models\Product.model.ts
FNF:0
FNH:0
DA:1,3
DA:7,3
DA:11,3
DA:16,3
DA:22,3
DA:25,3
LF:6
LH:6
BRF:0
BRH:0
end_of_record
